c:\users\maserrano\downloads\firstexample\firstexample\firstexample\debug\vc141.pdb
c:\users\maserrano\downloads\firstexample\firstexample\firstexample\debug\vc141.idb
c:\users\maserrano\downloads\firstexample\firstexample\firstexample\debug\stb_image_aug.obj
c:\users\maserrano\downloads\firstexample\firstexample\firstexample\debug\soil.obj
c:\users\maserrano\downloads\firstexample\firstexample\firstexample\debug\image_helper.obj
c:\users\maserrano\downloads\firstexample\firstexample\firstexample\debug\image_dxt.obj
c:\users\maserrano\downloads\firstexample\firstexample\firstexample\debug\triangles.obj
c:\users\maserrano\downloads\firstexample\firstexample\firstexample\debug\loadshaders.obj
c:\users\maserrano\downloads\firstexample\firstexample\firstexample\debug\firstexample.ilk
c:\users\maserrano\downloads\firstexample\firstexample\firstexample\debug\vc120.idb
c:\users\maserrano\downloads\firstexample\firstexample\firstexample\debug\vc140.idb
c:\users\maserrano\downloads\firstexample\firstexample\firstexample\debug\firstexample.pdb
c:\users\maserrano\downloads\firstexample\firstexample\firstexample\debug\vc120.pdb
c:\users\maserrano\downloads\firstexample\firstexample\firstexample\debug\vc140.pdb
c:\users\maserrano\downloads\firstexample\firstexample\debug\firstexample.pdb
c:\users\maserrano\downloads\firstexample\firstexample\firstexample\debug\firstexample.tlog\cl.command.1.tlog
c:\users\maserrano\downloads\firstexample\firstexample\firstexample\debug\firstexample.tlog\link.command.1.tlog
c:\users\maserrano\downloads\firstexample\firstexample\firstexample\debug\firstexample.tlog\link.delete.1.tlog
c:\users\maserrano\downloads\firstexample\firstexample\firstexample\debug\firstexample.tlog\link.write.1.tlog
c:\users\maserrano\downloads\firstexample\firstexample\firstexample\debug\firstexample.tlog\cl.write.1.tlog
c:\users\maserrano\downloads\firstexample\firstexample\firstexample\debug\firstexample.tlog\link.read.1.tlog
c:\users\maserrano\downloads\firstexample\firstexample\firstexample\debug\firstexample.tlog\cl.read.1.tlog
